2018-11-25 14:31:27.027273: I tensorflow/core/platform/cpu_feature_guard.cc:141] Your CPU supports instructions that this TensorFlow binary was not compiled to use: SSE4.1 SSE4.2 AVX AVX2 FMA
2018-11-25 14:31:27.167529: I tensorflow/stream_executor/cuda/cuda_gpu_executor.cc:964] successful NUMA node read from SysFS had negative value (-1), but there must be at least one NUMA node, so returning NUMA node zero
2018-11-25 14:31:27.167909: I tensorflow/core/common_runtime/gpu/gpu_device.cc:1432] Found device 0 with properties: 
name: GeForce GTX 1080 major: 6 minor: 1 memoryClockRate(GHz): 1.8225
pciBusID: 0000:02:00.0
totalMemory: 7.92GiB freeMemory: 7.78GiB
2018-11-25 14:31:27.167922: I tensorflow/core/common_runtime/gpu/gpu_device.cc:1511] Adding visible gpu devices: 0
2018-11-25 14:31:27.346234: I tensorflow/core/common_runtime/gpu/gpu_device.cc:982] Device interconnect StreamExecutor with strength 1 edge matrix:
2018-11-25 14:31:27.346276: I tensorflow/core/common_runtime/gpu/gpu_device.cc:988]      0 
2018-11-25 14:31:27.346281: I tensorflow/core/common_runtime/gpu/gpu_device.cc:1001] 0:   N 
2018-11-25 14:31:27.346490: I tensorflow/core/common_runtime/gpu/gpu_device.cc:1115] Created TensorFlow device (/job:localhost/replica:0/task:0/device:GPU:0 with 7510 MB memory) -> physical GPU (device: 0, name: GeForce GTX 1080, pci bus id: 0000:02:00.0, compute capability: 6.1)
2018-11-25 14:39:06.454360: I tensorflow/core/platform/cpu_feature_guard.cc:141] Your CPU supports instructions that this TensorFlow binary was not compiled to use: SSE4.1 SSE4.2 AVX AVX2 FMA
2018-11-25 14:39:06.589427: I tensorflow/stream_executor/cuda/cuda_gpu_executor.cc:964] successful NUMA node read from SysFS had negative value (-1), but there must be at least one NUMA node, so returning NUMA node zero
2018-11-25 14:39:06.589844: I tensorflow/core/common_runtime/gpu/gpu_device.cc:1432] Found device 0 with properties: 
name: GeForce GTX 1080 major: 6 minor: 1 memoryClockRate(GHz): 1.8225
pciBusID: 0000:02:00.0
totalMemory: 7.92GiB freeMemory: 7.79GiB
2018-11-25 14:39:06.589857: I tensorflow/core/common_runtime/gpu/gpu_device.cc:1511] Adding visible gpu devices: 0
2018-11-25 14:39:06.766396: I tensorflow/core/common_runtime/gpu/gpu_device.cc:982] Device interconnect StreamExecutor with strength 1 edge matrix:
2018-11-25 14:39:06.766428: I tensorflow/core/common_runtime/gpu/gpu_device.cc:988]      0 
2018-11-25 14:39:06.766433: I tensorflow/core/common_runtime/gpu/gpu_device.cc:1001] 0:   N 
2018-11-25 14:39:06.766582: I tensorflow/core/common_runtime/gpu/gpu_device.cc:1115] Created TensorFlow device (/job:localhost/replica:0/task:0/device:GPU:0 with 7511 MB memory) -> physical GPU (device: 0, name: GeForce GTX 1080, pci bus id: 0000:02:00.0, compute capability: 6.1)
Using TensorFlow backend.
/home/nishant15066/gym/gym/envs/registration.py:14: PkgResourcesDeprecationWarning: Parameters to load are deprecated.  Call .resolve and .require separately.
  result = entry_point.load(False)
0.0
0.0
0.0
0.0
0.0
0.0
0.0
0.0
0.0
0.0
0.0
0.0
0.0
0.0
0.0
0.0
0.0
0.0
0.0
0.0
0.0
0.0
0.0
0.0
0.0
0.0
0.0
0.0
0.0
0.0
0.0
0.0
0.0
0.0
0.0
0.0
0.0
0.0
0.0
0.0
0.0
0.0
0.0
0.0
0.0
0.0
0.0
0.0
0.0
0.0
0.0
0.0
0.0
0.0
0.0
0.0
0.0
0.0
0.0
0.0
0.0
0.0
0.0
0.0
0.0
0.0
0.0
0.0
0.0
0.0
0.0
0.0
0.0
0.0
0.0
0.0
0.0
0.0
0.0
Traceback (most recent call last):
  File "dqn.py", line 217, in <module>
    agent.replay(batch_size)
  File "dqn.py", line 133, in replay
    target_f = self.model.predict(state.get_input_layer())
  File "/home/nishant15066/anaconda/envs/rl/lib/python3.6/site-packages/keras/engine/training.py", line 1169, in predict
    steps=steps)
  File "/home/nishant15066/anaconda/envs/rl/lib/python3.6/site-packages/keras/engine/training_arrays.py", line 294, in predict_loop
    batch_outs = f(ins_batch)
  File "/home/nishant15066/anaconda/envs/rl/lib/python3.6/site-packages/keras/backend/tensorflow_backend.py", line 2715, in __call__
    return self._call(inputs)
  File "/home/nishant15066/anaconda/envs/rl/lib/python3.6/site-packages/keras/backend/tensorflow_backend.py", line 2675, in _call
    fetched = self._callable_fn(*array_vals)
  File "/home/nishant15066/anaconda/envs/rl/lib/python3.6/site-packages/tensorflow/python/client/session.py", line 1439, in __call__
    run_metadata_ptr)
KeyboardInterrupt
2018-11-25 14:39:32.257083: I tensorflow/core/platform/cpu_feature_guard.cc:141] Your CPU supports instructions that this TensorFlow binary was not compiled to use: SSE4.1 SSE4.2 AVX AVX2 FMA
2018-11-25 14:39:32.380386: I tensorflow/stream_executor/cuda/cuda_gpu_executor.cc:964] successful NUMA node read from SysFS had negative value (-1), but there must be at least one NUMA node, so returning NUMA node zero
2018-11-25 14:39:32.380754: I tensorflow/core/common_runtime/gpu/gpu_device.cc:1432] Found device 0 with properties: 
name: GeForce GTX 1080 major: 6 minor: 1 memoryClockRate(GHz): 1.8225
pciBusID: 0000:02:00.0
totalMemory: 7.92GiB freeMemory: 7.79GiB
2018-11-25 14:39:32.380766: I tensorflow/core/common_runtime/gpu/gpu_device.cc:1511] Adding visible gpu devices: 0
2018-11-25 14:39:32.560725: I tensorflow/core/common_runtime/gpu/gpu_device.cc:982] Device interconnect StreamExecutor with strength 1 edge matrix:
2018-11-25 14:39:32.560752: I tensorflow/core/common_runtime/gpu/gpu_device.cc:988]      0 
2018-11-25 14:39:32.560757: I tensorflow/core/common_runtime/gpu/gpu_device.cc:1001] 0:   N 
2018-11-25 14:39:32.560908: I tensorflow/core/common_runtime/gpu/gpu_device.cc:1115] Created TensorFlow device (/job:localhost/replica:0/task:0/device:GPU:0 with 7511 MB memory) -> physical GPU (device: 0, name: GeForce GTX 1080, pci bus id: 0000:02:00.0, compute capability: 6.1)
Using TensorFlow backend.
/home/nishant15066/gym/gym/envs/registration.py:14: PkgResourcesDeprecationWarning: Parameters to load are deprecated.  Call .resolve and .require separately.
  result = entry_point.load(False)
0.0
0.0
0.0
0.0
0.0
0.0
0.0
0.0
0.0
0.0
0.0
0.0
0.0
0.0
0.0
0.0
0.0
0.0
0.0
0.0
0.0
0.0
0.0
0.0
0.0
0.0
0.0
0.0
0.0
0.0
0.0
0.0
0.0
0.0
0.0
0.0
0.0
0.0
0.0
0.0
0.0
0.0
0.0
0.0
0.0
0.0
0.0
0.0
0.0
0.0
0.0
0.0
0.0
0.0
0.0
0.0
0.0
0.0
0.0
0.0
0.0
0.0
0.0
0.0
0.0
0.0
0.0
0.0
0.0
0.0
0.0
0.0
0.0
0.0
0.0
0.0
0.0
0.0
Traceback (most recent call last):
  File "dqn.py", line 217, in <module>
    agent.replay(batch_size)
  File "dqn.py", line 154, in replay
    self.target_model.fit(state.get_input_layer(), target_f, epochs=1, verbose=0)
  File "/home/nishant15066/anaconda/envs/rl/lib/python3.6/site-packages/keras/engine/training.py", line 1039, in fit
    validation_steps=validation_steps)
  File "/home/nishant15066/anaconda/envs/rl/lib/python3.6/site-packages/keras/engine/training_arrays.py", line 199, in fit_loop
    outs = f(ins_batch)
  File "/home/nishant15066/anaconda/envs/rl/lib/python3.6/site-packages/keras/backend/tensorflow_backend.py", line 2715, in __call__
    return self._call(inputs)
  File "/home/nishant15066/anaconda/envs/rl/lib/python3.6/site-packages/keras/backend/tensorflow_backend.py", line 2675, in _call
    fetched = self._callable_fn(*array_vals)
  File "/home/nishant15066/anaconda/envs/rl/lib/python3.6/site-packages/tensorflow/python/client/session.py", line 1439, in __call__
    run_metadata_ptr)
KeyboardInterrupt
2018-11-25 15:06:41.818943: I tensorflow/core/platform/cpu_feature_guard.cc:141] Your CPU supports instructions that this TensorFlow binary was not compiled to use: SSE4.1 SSE4.2 AVX AVX2 FMA
2018-11-25 15:06:41.932161: I tensorflow/stream_executor/cuda/cuda_gpu_executor.cc:964] successful NUMA node read from SysFS had negative value (-1), but there must be at least one NUMA node, so returning NUMA node zero
2018-11-25 15:06:41.932590: I tensorflow/core/common_runtime/gpu/gpu_device.cc:1432] Found device 0 with properties: 
name: GeForce GTX 1080 major: 6 minor: 1 memoryClockRate(GHz): 1.8225
pciBusID: 0000:02:00.0
totalMemory: 7.92GiB freeMemory: 7.60GiB
2018-11-25 15:06:41.932610: I tensorflow/core/common_runtime/gpu/gpu_device.cc:1511] Adding visible gpu devices: 0
2018-11-25 15:06:42.114351: I tensorflow/core/common_runtime/gpu/gpu_device.cc:982] Device interconnect StreamExecutor with strength 1 edge matrix:
2018-11-25 15:06:42.114388: I tensorflow/core/common_runtime/gpu/gpu_device.cc:988]      0 
2018-11-25 15:06:42.114393: I tensorflow/core/common_runtime/gpu/gpu_device.cc:1001] 0:   N 
2018-11-25 15:06:42.114554: I tensorflow/core/common_runtime/gpu/gpu_device.cc:1115] Created TensorFlow device (/job:localhost/replica:0/task:0/device:GPU:0 with 7333 MB memory) -> physical GPU (device: 0, name: GeForce GTX 1080, pci bus id: 0000:02:00.0, compute capability: 6.1)
Using TensorFlow backend.
/home/nishant15066/gym/gym/envs/registration.py:14: PkgResourcesDeprecationWarning: Parameters to load are deprecated.  Call .resolve and .require separately.
  result = entry_point.load(False)
Traceback (most recent call last):
  File "dqn.py", line 217, in <module>
    agent.replay(batch_size)
  File "dqn.py", line 154, in replay
    self.target_model.fit(state.get_input_layer(), target_f, epochs=1, verbose=0)
  File "/home/nishant15066/anaconda/envs/rl/lib/python3.6/site-packages/keras/engine/training.py", line 1039, in fit
    validation_steps=validation_steps)
  File "/home/nishant15066/anaconda/envs/rl/lib/python3.6/site-packages/keras/engine/training_arrays.py", line 199, in fit_loop
    outs = f(ins_batch)
  File "/home/nishant15066/anaconda/envs/rl/lib/python3.6/site-packages/keras/backend/tensorflow_backend.py", line 2715, in __call__
    return self._call(inputs)
  File "/home/nishant15066/anaconda/envs/rl/lib/python3.6/site-packages/keras/backend/tensorflow_backend.py", line 2675, in _call
    fetched = self._callable_fn(*array_vals)
  File "/home/nishant15066/anaconda/envs/rl/lib/python3.6/site-packages/tensorflow/python/client/session.py", line 1439, in __call__
    run_metadata_ptr)
KeyboardInterrupt
2018-11-25 15:07:38.578049: I tensorflow/core/platform/cpu_feature_guard.cc:141] Your CPU supports instructions that this TensorFlow binary was not compiled to use: SSE4.1 SSE4.2 AVX AVX2 FMA
2018-11-25 15:07:38.721914: I tensorflow/stream_executor/cuda/cuda_gpu_executor.cc:964] successful NUMA node read from SysFS had negative value (-1), but there must be at least one NUMA node, so returning NUMA node zero
2018-11-25 15:07:38.722287: I tensorflow/core/common_runtime/gpu/gpu_device.cc:1432] Found device 0 with properties: 
name: GeForce GTX 1080 major: 6 minor: 1 memoryClockRate(GHz): 1.8225
pciBusID: 0000:02:00.0
totalMemory: 7.92GiB freeMemory: 7.60GiB
2018-11-25 15:07:38.722300: I tensorflow/core/common_runtime/gpu/gpu_device.cc:1511] Adding visible gpu devices: 0
2018-11-25 15:07:38.916042: I tensorflow/core/common_runtime/gpu/gpu_device.cc:982] Device interconnect StreamExecutor with strength 1 edge matrix:
2018-11-25 15:07:38.916071: I tensorflow/core/common_runtime/gpu/gpu_device.cc:988]      0 
2018-11-25 15:07:38.916076: I tensorflow/core/common_runtime/gpu/gpu_device.cc:1001] 0:   N 
2018-11-25 15:07:38.916279: I tensorflow/core/common_runtime/gpu/gpu_device.cc:1115] Created TensorFlow device (/job:localhost/replica:0/task:0/device:GPU:0 with 7333 MB memory) -> physical GPU (device: 0, name: GeForce GTX 1080, pci bus id: 0000:02:00.0, compute capability: 6.1)
Using TensorFlow backend.
/home/nishant15066/gym/gym/envs/registration.py:14: PkgResourcesDeprecationWarning: Parameters to load are deprecated.  Call .resolve and .require separately.
  result = entry_point.load(False)
Traceback (most recent call last):
  File "dqn.py", line 217, in <module>
    agent.replay(batch_size)
  File "dqn.py", line 125, in replay
    temp_val = self.model.predict(next_state.get_input_layer())[0]
  File "/home/nishant15066/anaconda/envs/rl/lib/python3.6/site-packages/keras/engine/training.py", line 1169, in predict
    steps=steps)
  File "/home/nishant15066/anaconda/envs/rl/lib/python3.6/site-packages/keras/engine/training_arrays.py", line 294, in predict_loop
    batch_outs = f(ins_batch)
  File "/home/nishant15066/anaconda/envs/rl/lib/python3.6/site-packages/keras/backend/tensorflow_backend.py", line 2715, in __call__
    return self._call(inputs)
  File "/home/nishant15066/anaconda/envs/rl/lib/python3.6/site-packages/keras/backend/tensorflow_backend.py", line 2675, in _call
    fetched = self._callable_fn(*array_vals)
  File "/home/nishant15066/anaconda/envs/rl/lib/python3.6/site-packages/tensorflow/python/client/session.py", line 1439, in __call__
    run_metadata_ptr)
KeyboardInterrupt
2018-11-25 15:09:46.406007: I tensorflow/core/platform/cpu_feature_guard.cc:141] Your CPU supports instructions that this TensorFlow binary was not compiled to use: SSE4.1 SSE4.2 AVX AVX2 FMA
2018-11-25 15:09:46.518102: I tensorflow/stream_executor/cuda/cuda_gpu_executor.cc:964] successful NUMA node read from SysFS had negative value (-1), but there must be at least one NUMA node, so returning NUMA node zero
2018-11-25 15:09:46.518463: I tensorflow/core/common_runtime/gpu/gpu_device.cc:1432] Found device 0 with properties: 
name: GeForce GTX 1080 major: 6 minor: 1 memoryClockRate(GHz): 1.8225
pciBusID: 0000:02:00.0
totalMemory: 7.92GiB freeMemory: 7.60GiB
2018-11-25 15:09:46.518475: I tensorflow/core/common_runtime/gpu/gpu_device.cc:1511] Adding visible gpu devices: 0
2018-11-25 15:09:46.712552: I tensorflow/core/common_runtime/gpu/gpu_device.cc:982] Device interconnect StreamExecutor with strength 1 edge matrix:
2018-11-25 15:09:46.712584: I tensorflow/core/common_runtime/gpu/gpu_device.cc:988]      0 
2018-11-25 15:09:46.712592: I tensorflow/core/common_runtime/gpu/gpu_device.cc:1001] 0:   N 
2018-11-25 15:09:46.712762: I tensorflow/core/common_runtime/gpu/gpu_device.cc:1115] Created TensorFlow device (/job:localhost/replica:0/task:0/device:GPU:0 with 7333 MB memory) -> physical GPU (device: 0, name: GeForce GTX 1080, pci bus id: 0000:02:00.0, compute capability: 6.1)
